<root>
  <source>txxt-documents-clean/test-assertion-positions.txxt</source>
  <token_count>57</token_count>
  <tokens>
    <item>
      <type>PRAGMA_MARKER</type>
      <line>1</line>
      <column>1</column>
      <value>::</value>
    </item>
    <item>
      <type>IDENTIFIER</type>
      <line>1</line>
      <column>3</column>
      <value>title</value>
    </item>
    <item>
      <type>PRAGMA_MARKER</type>
      <line>1</line>
      <column>8</column>
      <value>::</value>
    </item>
    <item>
      <type>TEXT</type>
      <line>1</line>
      <column>10</column>
      <value>Test Assertion Positions</value>
    </item>
    <item>
      <type>NEWLINE</type>
      <line>1</line>
      <column>34</column>
      <value></value>
    </item>
    <item>
      <type>BLANK_LINE</type>
      <line>2</line>
      <column>1</column>
      <value>
</value>
    </item>
    <item>
      <type>TEXT</type>
      <line>3</line>
      <column>1</column>
      <value>This {{paragraph}} is a paragraph.</value>
    </item>
    <item>
      <type>NEWLINE</type>
      <line>3</line>
      <column>35</column>
      <value></value>
    </item>
    <item>
      <type>BLANK_LINE</type>
      <line>4</line>
      <column>1</column>
      <value>
</value>
    </item>
    <item>
      <type>SEQUENCE_MARKER</type>
      <line>5</line>
      <column>1</column>
      <value>1. </value>
    </item>
    <item>
      <type>TEXT</type>
      <line>5</line>
      <column>4</column>
      <value>Simple Elements {{session, title=&quot;1. Simple Elements&quot;}}</value>
    </item>
    <item>
      <type>NEWLINE</type>
      <line>5</line>
      <column>59</column>
      <value></value>
    </item>
    <item>
      <type>BLANK_LINE</type>
      <line>6</line>
      <column>1</column>
      <value>
</value>
    </item>
    <item>
      <type>INDENT</type>
      <line>7</line>
      <column>5</column>
      <value></value>
    </item>
    <item>
      <type>TEXT</type>
      <line>7</line>
      <column>5</column>
      <value>Paragraphs {{paragraph}} have assertions at the start.</value>
    </item>
    <item>
      <type>NEWLINE</type>
      <line>7</line>
      <column>59</column>
      <value></value>
    </item>
    <item>
      <type>BLANK_LINE</type>
      <line>8</line>
      <column>5</column>
      <value>
</value>
    </item>
    <item>
      <type>TEXT</type>
      <line>9</line>
      <column>5</column>
      <value>Lists have assertions at item start</value>
    </item>
    <item>
      <type>VERBATIM_START</type>
      <line>9</line>
      <column>40</column>
      <value>:</value>
    </item>
    <item>
      <type>NEWLINE</type>
      <line>9</line>
      <column>41</column>
      <value></value>
    </item>
    <item>
      <type>VERBATIM_CONTENT</type>
      <line>10</line>
      <column>5</column>
      <value>    - First {{listItem}} item</value>
    </item>
    <item>
      <type>NEWLINE</type>
      <line>10</line>
      <column>34</column>
      <value></value>
    </item>
    <item>
      <type>VERBATIM_CONTENT</type>
      <line>11</line>
      <column>5</column>
      <value>    - Second {{listItem}} item</value>
    </item>
    <item>
      <type>NEWLINE</type>
      <line>11</line>
      <column>35</column>
      <value></value>
    </item>
    <item>
      <type>BLANK_LINE</type>
      <line>12</line>
      <column>5</column>
      <value>
</value>
    </item>
    <item>
      <type>VERBATIM_CONTENT</type>
      <line>13</line>
      <column>5</column>
      <value>    Inline elements: *{{strong}}bold*, _{{emphasis}}italic_, `{{code}}code`</value>
    </item>
    <item>
      <type>NEWLINE</type>
      <line>13</line>
      <column>80</column>
      <value></value>
    </item>
    <item>
      <type>BLANK_LINE</type>
      <line>14</line>
      <column>1</column>
      <value>
</value>
    </item>
    <item>
      <type>DEDENT</type>
      <line>15</line>
      <column>1</column>
      <value></value>
    </item>
    <item>
      <type>VERBATIM_CONTENT</type>
      <line>15</line>
      <column>1</column>
      <value>2. Complex Elements {{session, title=&quot;2. Complex Elements&quot;}}</value>
    </item>
    <item>
      <type>NEWLINE</type>
      <line>15</line>
      <column>61</column>
      <value></value>
    </item>
    <item>
      <type>BLANK_LINE</type>
      <line>16</line>
      <column>1</column>
      <value>
</value>
    </item>
    <item>
      <type>INDENT</type>
      <line>17</line>
      <column>5</column>
      <value></value>
    </item>
    <item>
      <type>VERBATIM_CONTENT</type>
      <line>17</line>
      <column>5</column>
      <value>    Definition {{definition}} ::</value>
    </item>
    <item>
      <type>NEWLINE</type>
      <line>17</line>
      <column>37</column>
      <value></value>
    </item>
    <item>
      <type>INDENT</type>
      <line>18</line>
      <column>9</column>
      <value></value>
    </item>
    <item>
      <type>VERBATIM_CONTENT</type>
      <line>18</line>
      <column>9</column>
      <value>        The assertion goes in the term line.</value>
    </item>
    <item>
      <type>NEWLINE</type>
      <line>18</line>
      <column>53</column>
      <value></value>
    </item>
    <item>
      <type>BLANK_LINE</type>
      <line>19</line>
      <column>5</column>
      <value>
</value>
    </item>
    <item>
      <type>DEDENT</type>
      <line>20</line>
      <column>5</column>
      <value></value>
    </item>
    <item>
      <type>VERBATIM_CONTENT</type>
      <line>20</line>
      <column>5</column>
      <value>    :: label {{annotation}} :: Value</value>
    </item>
    <item>
      <type>NEWLINE</type>
      <line>20</line>
      <column>41</column>
      <value></value>
    </item>
    <item>
      <type>INDENT</type>
      <line>21</line>
      <column>9</column>
      <value></value>
    </item>
    <item>
      <type>VERBATIM_CONTENT</type>
      <line>21</line>
      <column>9</column>
      <value>        For annotations, current implementation expects assertion in value.</value>
    </item>
    <item>
      <type>NEWLINE</type>
      <line>21</line>
      <column>84</column>
      <value></value>
    </item>
    <item>
      <type>BLANK_LINE</type>
      <line>22</line>
      <column>5</column>
      <value>
</value>
    </item>
    <item>
      <type>DEDENT</type>
      <line>23</line>
      <column>5</column>
      <value></value>
    </item>
    <item>
      <type>VERBATIM_CONTENT</type>
      <line>23</line>
      <column>5</column>
      <value>    Code block title:</value>
    </item>
    <item>
      <type>NEWLINE</type>
      <line>23</line>
      <column>26</column>
      <value></value>
    </item>
    <item>
      <type>INDENT</type>
      <line>24</line>
      <column>9</column>
      <value></value>
    </item>
    <item>
      <type>VERBATIM_CONTENT</type>
      <line>24</line>
      <column>9</column>
      <value>        console.log(&quot;hello&quot;);</value>
    </item>
    <item>
      <type>NEWLINE</type>
      <line>24</line>
      <column>38</column>
      <value></value>
    </item>
    <item>
      <type>DEDENT</type>
      <line>25</line>
      <column>5</column>
      <value></value>
    </item>
    <item>
      <type>TEXT</type>
      <line>25</line>
      <column>5</column>
      <value>javascript: {{verbatim, label=&quot;javascript&quot;}}</value>
    </item>
    <item>
      <type>NEWLINE</type>
      <line>25</line>
      <column>49</column>
      <value></value>
    </item>
    <item>
      <type>DEDENT</type>
      <line>25</line>
      <column>50</column>
      <value></value>
    </item>
    <item>
      <type>EOF</type>
      <line>25</line>
      <column>50</column>
      <value></value>
    </item>
  </tokens>
</root>